{
  message: 'Database connect successfully',
  level: 'info',
  label: 'UMS',
  timestamp: '2023-06-09T12:00:14.647Z'
}
{
  message: 'Example app listening on port 5000',
  level: 'info',
  label: 'UMS',
  timestamp: '2023-06-09T12:00:14.656Z'
}
{
  message: 'Database connect successfully',
  level: 'info',
  label: 'UMS',
  timestamp: '2023-06-09T12:01:47.449Z'
}
{
  message: 'Example app listening on port 5000',
  level: 'info',
  label: 'UMS',
  timestamp: '2023-06-09T12:01:47.459Z'
}
{
  message: 'Database connect successfully',
  level: 'info',
  label: 'UMS',
  timestamp: '2023-06-09T12:02:28.769Z'
}
{
  message: 'Example app listening on port 5000',
  level: 'info',
  label: 'UMS',
  timestamp: '2023-06-09T12:02:28.780Z'
}
{
  message: 'Database connect successfully',
  level: 'info',
  label: 'UMS',
  timestamp: '2023-06-09T12:02:53.871Z'
}
{
  message: 'Example app listening on port 5000',
  level: 'info',
  label: 'UMS',
  timestamp: '2023-06-09T12:02:53.886Z'
}
{
  message: 'Database connect successfully',
  level: 'info',
  label: 'UMS',
  timestamp: '2023-06-09T12:03:35.701Z'
}
{
  message: 'Example app listening on port 5000',
  level: 'info',
  label: 'UMS',
  timestamp: '2023-06-09T12:03:35.711Z'
}
{
  message: 'Database connect successfully',
  level: 'info',
  label: 'UMS',
  timestamp: '2023-06-09T12:04:00.392Z'
}
{
  message: 'Example app listening on port 5000',
  level: 'info',
  label: 'UMS',
  timestamp: '2023-06-09T12:04:00.400Z'
}
{
  message: 'Database connect successfully',
  level: 'info',
  label: 'UMS',
  timestamp: '2023-06-09T12:11:23.312Z'
}
{
  message: 'Example app listening on port 5000',
  level: 'info',
  label: 'UMS',
  timestamp: '2023-06-09T12:11:23.331Z'
}
{
  message: 'Database connect successfully',
  level: 'info',
  label: 'UMS',
  timestamp: '2023-06-09T12:11:38.556Z'
}
{
  message: 'Example app listening on port 5000',
  level: 'info',
  label: 'UMS',
  timestamp: '2023-06-09T12:11:38.566Z'
}
{
  message: 'Database connect successfully',
  level: 'info',
  label: 'UMS',
  timestamp: '2023-06-09T12:12:57.240Z'
}
{
  message: 'Example app listening on port 5000',
  level: 'info',
  label: 'UMS',
  timestamp: '2023-06-09T12:12:57.253Z'
}
{
  message: 'Database connect successfully',
  level: 'info',
  label: 'UMS',
  timestamp: '2023-06-09T12:13:28.784Z'
}
{
  message: 'Example app listening on port 5000',
  level: 'info',
  label: 'UMS',
  timestamp: '2023-06-09T12:13:28.796Z'
}
{
  message: 'Database connect successfully',
  level: 'info',
  label: 'UMS',
  timestamp: '2023-06-09T12:13:42.718Z'
}
{
  message: 'Example app listening on port 5000',
  level: 'info',
  label: 'UMS',
  timestamp: '2023-06-09T12:13:42.727Z'
}
{
  message: 'Database connect successfully',
  level: 'info',
  label: 'UMS',
  timestamp: '2023-06-09T12:15:54.273Z'
}
{
  message: 'Example app listening on port 5000',
  level: 'info',
  label: 'UMS',
  timestamp: '2023-06-09T12:15:54.320Z'
}
{
  message: 'Database connect successfully',
  level: 'info',
  label: 'UMS',
  timestamp: '2023-06-09T12:16:40.935Z'
}
{
  message: 'Example app listening on port 5000',
  level: 'info',
  label: 'UMS',
  timestamp: '2023-06-09T12:16:40.944Z'
}
{
  message: 'Database connect successfully',
  level: 'info',
  label: 'UMS',
  timestamp: '2023-06-09T12:18:31.724Z'
}
{
  message: 'Example app listening on port 5000',
  level: 'info',
  label: 'UMS',
  timestamp: '2023-06-09T12:18:31.734Z'
}
{
  message: 'Database connect successfully',
  level: 'info',
  label: 'UMS',
  timestamp: '2023-06-09T12:26:57.380Z'
}
{
  message: 'Example app listening on port 5000',
  level: 'info',
  label: 'UMS',
  timestamp: '2023-06-09T12:26:57.391Z'
}
{
  message: 'Database connect successfully',
  level: 'info',
  label: 'UMS',
  timestamp: '2023-06-09T12:27:42.411Z'
}
{
  message: 'Example app listening on port 5000',
  level: 'info',
  label: 'UMS',
  timestamp: '2023-06-09T12:27:42.424Z'
}
{
  message: 'Database connect successfully',
  level: 'info',
  label: 'UMS',
  timestamp: '2023-06-09T12:30:24.023Z'
}
{
  message: 'Example app listening on port 5000',
  level: 'info',
  label: 'UMS',
  timestamp: '2023-06-09T12:30:24.035Z'
}
{
  message: 'Database connect successfully',
  level: 'info',
  label: 'UMS',
  timestamp: '2023-06-09T12:33:07.884Z'
}
{
  message: 'Example app listening on port 5000',
  level: 'info',
  label: 'UMS',
  timestamp: '2023-06-09T12:33:07.895Z'
}
{
  message: 'Database connect successfully',
  level: 'info',
  label: 'UMS',
  timestamp: '2023-06-09T12:33:21.299Z'
}
{
  message: 'Example app listening on port 5000',
  level: 'info',
  label: 'UMS',
  timestamp: '2023-06-09T12:33:21.310Z'
}
{
  message: 'Database connect successfully',
  level: 'info',
  label: 'UMS',
  timestamp: '2023-06-09T12:43:31.515Z'
}
{
  message: 'Example app listening on port 5000',
  level: 'info',
  label: 'UMS',
  timestamp: '2023-06-09T12:43:32.063Z'
}
