{
  message: 'Database connect successfully',
  level: 'info',
  label: 'UMS',
  timestamp: '2023-06-18T13:09:07.540Z'
}
{
  message: 'Example app listening on port 5000',
  level: 'info',
  label: 'UMS',
  timestamp: '2023-06-18T13:09:07.566Z'
}
{
  message: 'Database connect successfully',
  level: 'info',
  label: 'UMS',
  timestamp: '2023-06-18T13:09:33.312Z'
}
{
  message: 'Example app listening on port 5000',
  level: 'info',
  label: 'UMS',
  timestamp: '2023-06-18T13:09:33.345Z'
}
{
  message: 'Database connect successfully',
  level: 'info',
  label: 'UMS',
  timestamp: '2023-06-18T13:12:35.698Z'
}
{
  message: 'Example app listening on port 5000',
  level: 'info',
  label: 'UMS',
  timestamp: '2023-06-18T13:12:35.720Z'
}
{
  message: 'Database connect successfully',
  level: 'info',
  label: 'UMS',
  timestamp: '2023-06-18T13:13:21.874Z'
}
{
  message: 'Example app listening on port 5000',
  level: 'info',
  label: 'UMS',
  timestamp: '2023-06-18T13:13:21.897Z'
}
{
  message: 'Database connect successfully',
  level: 'info',
  label: 'UMS',
  timestamp: '2023-06-18T13:13:54.620Z'
}
{
  message: 'Example app listening on port 5000',
  level: 'info',
  label: 'UMS',
  timestamp: '2023-06-18T13:13:54.660Z'
}
{
  message: 'Database connect successfully',
  level: 'info',
  label: 'UMS',
  timestamp: '2023-06-18T13:14:03.779Z'
}
{
  message: 'Example app listening on port 5000',
  level: 'info',
  label: 'UMS',
  timestamp: '2023-06-18T13:14:03.816Z'
}
{
  message: 'Database connect successfully',
  level: 'info',
  label: 'UMS',
  timestamp: '2023-06-18T13:14:39.214Z'
}
{
  message: 'Example app listening on port 5000',
  level: 'info',
  label: 'UMS',
  timestamp: '2023-06-18T13:14:39.256Z'
}
{
  message: 'Database connect successfully',
  level: 'info',
  label: 'UMS',
  timestamp: '2023-06-18T13:26:03.175Z'
}
{
  message: 'Example app listening on port 5000',
  level: 'info',
  label: 'UMS',
  timestamp: '2023-06-18T13:26:03.198Z'
}
{
  message: 'Database connect successfully',
  level: 'info',
  label: 'UMS',
  timestamp: '2023-06-18T13:28:46.548Z'
}
{
  message: 'Example app listening on port 5000',
  level: 'info',
  label: 'UMS',
  timestamp: '2023-06-18T13:28:46.566Z'
}
{
  message: 'Database connect successfully',
  level: 'info',
  label: 'UMS',
  timestamp: '2023-06-18T13:29:09.264Z'
}
{
  message: 'Example app listening on port 5000',
  level: 'info',
  label: 'UMS',
  timestamp: '2023-06-18T13:29:09.279Z'
}
{
  message: 'Database connect successfully',
  level: 'info',
  label: 'UMS',
  timestamp: '2023-06-18T13:29:27.612Z'
}
{
  message: 'Example app listening on port 5000',
  level: 'info',
  label: 'UMS',
  timestamp: '2023-06-18T13:29:27.663Z'
}
