{
  message: 'Database connect successfully',
  level: 'info',
  label: 'UMS',
  timestamp: '2023-06-17T23:02:06.780Z'
}
{
  message: 'Example app listening on port 5000',
  level: 'info',
  label: 'UMS',
  timestamp: '2023-06-17T23:02:06.945Z'
}
{
  message: 'Database connect successfully',
  level: 'info',
  label: 'UMS',
  timestamp: '2023-06-17T23:02:43.707Z'
}
{
  message: 'Example app listening on port 5000',
  level: 'info',
  label: 'UMS',
  timestamp: '2023-06-17T23:02:43.735Z'
}
{
  message: 'Database connect successfully',
  level: 'info',
  label: 'UMS',
  timestamp: '2023-06-17T23:14:18.558Z'
}
{
  message: 'Example app listening on port 5000',
  level: 'info',
  label: 'UMS',
  timestamp: '2023-06-17T23:14:18.606Z'
}
{
  message: 'Database connect successfully',
  level: 'info',
  label: 'UMS',
  timestamp: '2023-06-17T23:15:25.024Z'
}
{
  message: 'Example app listening on port 5000',
  level: 'info',
  label: 'UMS',
  timestamp: '2023-06-17T23:15:25.045Z'
}
