{
  message: 'Database connect successfully',
  level: 'info',
  label: 'UMS',
  timestamp: '2023-06-09T22:20:03.794Z'
}
{
  message: 'Example app listening on port 5000',
  level: 'info',
  label: 'UMS',
  timestamp: '2023-06-09T22:20:03.812Z'
}
{
  message: 'Database connect successfully',
  level: 'info',
  label: 'UMS',
  timestamp: '2023-06-09T22:21:06.406Z'
}
{
  message: 'Example app listening on port 5000',
  level: 'info',
  label: 'UMS',
  timestamp: '2023-06-09T22:21:06.417Z'
}
{
  message: 'Database connect successfully',
  level: 'info',
  label: 'UMS',
  timestamp: '2023-06-09T22:23:01.473Z'
}
{
  message: 'Example app listening on port 5000',
  level: 'info',
  label: 'UMS',
  timestamp: '2023-06-09T22:23:01.487Z'
}
{
  message: 'Database connect successfully',
  level: 'info',
  label: 'UMS',
  timestamp: '2023-06-09T22:23:34.193Z'
}
{
  message: 'Example app listening on port 5000',
  level: 'info',
  label: 'UMS',
  timestamp: '2023-06-09T22:23:34.202Z'
}
{
  message: 'Database connect successfully',
  level: 'info',
  label: 'UMS',
  timestamp: '2023-06-09T22:24:09.502Z'
}
{
  message: 'Example app listening on port 5000',
  level: 'info',
  label: 'UMS',
  timestamp: '2023-06-09T22:24:09.521Z'
}
{
  message: 'Database connect successfully',
  level: 'info',
  label: 'UMS',
  timestamp: '2023-06-09T22:24:22.601Z'
}
{
  message: 'Example app listening on port 5000',
  level: 'info',
  label: 'UMS',
  timestamp: '2023-06-09T22:24:22.610Z'
}
{
  message: 'Database connect successfully',
  level: 'info',
  label: 'UMS',
  timestamp: '2023-06-09T22:24:46.278Z'
}
{
  message: 'Example app listening on port 5000',
  level: 'info',
  label: 'UMS',
  timestamp: '2023-06-09T22:24:46.288Z'
}
{
  message: 'Database connect successfully',
  level: 'info',
  label: 'UMS',
  timestamp: '2023-06-09T22:25:21.265Z'
}
{
  message: 'Example app listening on port 5000',
  level: 'info',
  label: 'UMS',
  timestamp: '2023-06-09T22:25:21.276Z'
}
{
  message: 'Database connect successfully',
  level: 'info',
  label: 'UMS',
  timestamp: '2023-06-09T22:25:55.436Z'
}
{
  message: 'Example app listening on port 5000',
  level: 'info',
  label: 'UMS',
  timestamp: '2023-06-09T22:25:55.451Z'
}
{
  message: 'Database connect successfully',
  level: 'info',
  label: 'UMS',
  timestamp: '2023-06-09T22:26:10.335Z'
}
{
  message: 'Example app listening on port 5000',
  level: 'info',
  label: 'UMS',
  timestamp: '2023-06-09T22:26:10.369Z'
}
{
  message: 'Database connect successfully',
  level: 'info',
  label: 'UMS',
  timestamp: '2023-06-09T22:27:04.081Z'
}
{
  message: 'Example app listening on port 5000',
  level: 'info',
  label: 'UMS',
  timestamp: '2023-06-09T22:27:04.090Z'
}
{
  message: 'Database connect successfully',
  level: 'info',
  label: 'UMS',
  timestamp: '2023-06-09T22:27:42.314Z'
}
{
  message: 'Example app listening on port 5000',
  level: 'info',
  label: 'UMS',
  timestamp: '2023-06-09T22:27:42.327Z'
}
{
  message: 'Database connect successfully',
  level: 'info',
  label: 'UMS',
  timestamp: '2023-06-09T22:28:05.401Z'
}
{
  message: 'Example app listening on port 5000',
  level: 'info',
  label: 'UMS',
  timestamp: '2023-06-09T22:28:05.411Z'
}
{
  message: 'Database connect successfully',
  level: 'info',
  label: 'UMS',
  timestamp: '2023-06-09T22:29:08.587Z'
}
{
  message: 'Example app listening on port 5000',
  level: 'info',
  label: 'UMS',
  timestamp: '2023-06-09T22:29:08.597Z'
}
{
  message: 'Database connect successfully',
  level: 'info',
  label: 'UMS',
  timestamp: '2023-06-09T22:29:22.547Z'
}
{
  message: 'Example app listening on port 5000',
  level: 'info',
  label: 'UMS',
  timestamp: '2023-06-09T22:29:22.558Z'
}
{
  message: 'Database connect successfully',
  level: 'info',
  label: 'UMS',
  timestamp: '2023-06-09T22:29:53.656Z'
}
{
  message: 'Example app listening on port 5000',
  level: 'info',
  label: 'UMS',
  timestamp: '2023-06-09T22:29:53.678Z'
}
{
  message: 'Database connect successfully',
  level: 'info',
  label: 'UMS',
  timestamp: '2023-06-09T22:30:29.264Z'
}
{
  message: 'Example app listening on port 5000',
  level: 'info',
  label: 'UMS',
  timestamp: '2023-06-09T22:30:29.273Z'
}
{
  message: 'Database connect successfully',
  level: 'info',
  label: 'UMS',
  timestamp: '2023-06-09T22:30:38.597Z'
}
{
  message: 'Example app listening on port 5000',
  level: 'info',
  label: 'UMS',
  timestamp: '2023-06-09T22:30:38.609Z'
}
{
  message: 'Database connect successfully',
  level: 'info',
  label: 'UMS',
  timestamp: '2023-06-09T22:32:04.458Z'
}
{
  message: 'Example app listening on port 5000',
  level: 'info',
  label: 'UMS',
  timestamp: '2023-06-09T22:32:04.469Z'
}
{
  message: 'Database connect successfully',
  level: 'info',
  label: 'UMS',
  timestamp: '2023-06-09T22:32:15.321Z'
}
{
  message: 'Example app listening on port 5000',
  level: 'info',
  label: 'UMS',
  timestamp: '2023-06-09T22:32:15.333Z'
}
{
  message: 'Database connect successfully',
  level: 'info',
  label: 'UMS',
  timestamp: '2023-06-09T22:32:35.860Z'
}
{
  message: 'Example app listening on port 5000',
  level: 'info',
  label: 'UMS',
  timestamp: '2023-06-09T22:32:35.870Z'
}
{
  message: 'Database connect successfully',
  level: 'info',
  label: 'UMS',
  timestamp: '2023-06-09T22:32:51.880Z'
}
{
  message: 'Example app listening on port 5000',
  level: 'info',
  label: 'UMS',
  timestamp: '2023-06-09T22:32:51.891Z'
}
{
  message: 'Database connect successfully',
  level: 'info',
  label: 'UMS',
  timestamp: '2023-06-09T22:34:17.920Z'
}
{
  message: 'Example app listening on port 5000',
  level: 'info',
  label: 'UMS',
  timestamp: '2023-06-09T22:34:17.944Z'
}
{
  message: 'Database connect successfully',
  level: 'info',
  label: 'UMS',
  timestamp: '2023-06-09T22:36:11.643Z'
}
{
  message: 'Example app listening on port 5000',
  level: 'info',
  label: 'UMS',
  timestamp: '2023-06-09T22:36:11.656Z'
}
{
  message: 'Database connect successfully',
  level: 'info',
  label: 'UMS',
  timestamp: '2023-06-09T22:37:04.892Z'
}
{
  message: 'Example app listening on port 5000',
  level: 'info',
  label: 'UMS',
  timestamp: '2023-06-09T22:37:04.904Z'
}
{
  message: 'Database connect successfully',
  level: 'info',
  label: 'UMS',
  timestamp: '2023-06-09T22:37:25.430Z'
}
{
  message: 'Example app listening on port 5000',
  level: 'info',
  label: 'UMS',
  timestamp: '2023-06-09T22:37:25.442Z'
}
{
  message: 'Database connect successfully',
  level: 'info',
  label: 'UMS',
  timestamp: '2023-06-09T22:41:40.847Z'
}
{
  message: 'Example app listening on port 5000',
  level: 'info',
  label: 'UMS',
  timestamp: '2023-06-09T22:41:40.859Z'
}
{
  message: 'Database connect successfully',
  level: 'info',
  label: 'UMS',
  timestamp: '2023-06-09T22:42:40.227Z'
}
{
  message: 'Example app listening on port 5000',
  level: 'info',
  label: 'UMS',
  timestamp: '2023-06-09T22:42:40.239Z'
}
{
  message: 'Database connect successfully',
  level: 'info',
  label: 'UMS',
  timestamp: '2023-06-09T22:43:06.520Z'
}
{
  message: 'Example app listening on port 5000',
  level: 'info',
  label: 'UMS',
  timestamp: '2023-06-09T22:43:06.530Z'
}
{
  message: 'Database connect successfully',
  level: 'info',
  label: 'UMS',
  timestamp: '2023-06-09T22:46:14.841Z'
}
{
  message: 'Example app listening on port 5000',
  level: 'info',
  label: 'UMS',
  timestamp: '2023-06-09T22:46:14.856Z'
}
{
  message: 'Database connect successfully',
  level: 'info',
  label: 'UMS',
  timestamp: '2023-06-09T22:46:24.113Z'
}
{
  message: 'Example app listening on port 5000',
  level: 'info',
  label: 'UMS',
  timestamp: '2023-06-09T22:46:24.128Z'
}
{
  message: 'Database connect successfully',
  level: 'info',
  label: 'UMS',
  timestamp: '2023-06-09T22:46:34.741Z'
}
{
  message: 'Example app listening on port 5000',
  level: 'info',
  label: 'UMS',
  timestamp: '2023-06-09T22:46:34.777Z'
}
{
  message: 'Database connect successfully',
  level: 'info',
  label: 'UMS',
  timestamp: '2023-06-09T22:47:03.903Z'
}
{
  message: 'Example app listening on port 5000',
  level: 'info',
  label: 'UMS',
  timestamp: '2023-06-09T22:47:03.915Z'
}
{
  message: 'Database connect successfully',
  level: 'info',
  label: 'UMS',
  timestamp: '2023-06-09T22:47:39.314Z'
}
{
  message: 'Example app listening on port 5000',
  level: 'info',
  label: 'UMS',
  timestamp: '2023-06-09T22:47:39.327Z'
}
{
  message: 'Database connect successfully',
  level: 'info',
  label: 'UMS',
  timestamp: '2023-06-09T22:47:52.499Z'
}
{
  message: 'Example app listening on port 5000',
  level: 'info',
  label: 'UMS',
  timestamp: '2023-06-09T22:47:52.535Z'
}
